{"uuid":"2d5fbd9d-69e9-44cb-a500-776a3d99e4ca","historyId":"f12f4d219b010e67b3fa8aade4438d47","fullName":"testCases.TC_LoginDDT_002.loginDDT","labels":[{"name":"package","value":"testCases.TC_LoginDDT_002"},{"name":"testClass","value":"testCases.TC_LoginDDT_002"},{"name":"testMethod","value":"loginDDT"},{"name":"parentSuite","value":"All Test Suite"},{"name":"suite","value":"D:/IntellIJ&selenium/Hibrid_Framework_Course/Selenium_Framework_Maven"},{"name":"subSuite","value":"testCases.TC_LoginDDT_002"},{"name":"host","value":"DESKTOP-52C1ANV"},{"name":"thread","value":"19056@DESKTOP-52C1ANV.main(1)"},{"name":"framework","value":"testng"},{"name":"language","value":"java"}],"links":[],"name":"loginDDT","status":"broken","statusDetails":{"known":false,"muted":false,"flaky":false,"message":"java.io.FileNotFoundException: D:\\IntellIJ-selenium\\Hibrid_Framework_Course\\Selenium_Framework_Maven\\src\\test\\java\\com_InetBanking_testData\\LoginData.xlsx (The system cannot find the path specified)","trace":"java.lang.RuntimeException: java.io.FileNotFoundException: D:\\IntellIJ-selenium\\Hibrid_Framework_Course\\Selenium_Framework_Maven\\src\\test\\java\\com_InetBanking_testData\\LoginData.xlsx (The system cannot find the path specified)\r\n\tat org.testng.internal.invokers.MethodInvocationHelper.invokeMethodNoCheckedException(MethodInvocationHelper.java:57)\r\n\tat org.testng.internal.invokers.MethodInvocationHelper.invokeDataProvider(MethodInvocationHelper.java:157)\r\n\tat org.testng.internal.Parameters.handleParameters(Parameters.java:791)\r\n\tat org.testng.internal.Parameters.handleParameters(Parameters.java:728)\r\n\tat org.testng.internal.invokers.ParameterHandler.handleParameters(ParameterHandler.java:72)\r\n\tat org.testng.internal.invokers.ParameterHandler.createParameters(ParameterHandler.java:51)\r\n\tat org.testng.internal.invokers.TestInvoker$MethodInvocationAgent.invoke(TestInvoker.java:917)\r\n\tat org.testng.internal.invokers.TestInvoker.invokeTestMethods(TestInvoker.java:194)\r\n\tat org.testng.internal.invokers.TestMethodWorker.invokeTestMethods(TestMethodWorker.java:148)\r\n\tat org.testng.internal.invokers.TestMethodWorker.run(TestMethodWorker.java:128)\r\n\tat java.base/java.util.ArrayList.forEach(ArrayList.java:1511)\r\n\tat org.testng.TestRunner.privateRun(TestRunner.java:806)\r\n\tat org.testng.TestRunner.run(TestRunner.java:601)\r\n\tat org.testng.SuiteRunner.runTest(SuiteRunner.java:433)\r\n\tat org.testng.SuiteRunner.runSequentially(SuiteRunner.java:427)\r\n\tat org.testng.SuiteRunner.privateRun(SuiteRunner.java:387)\r\n\tat org.testng.SuiteRunner.run(SuiteRunner.java:330)\r\n\tat org.testng.SuiteRunnerWorker.runSuite(SuiteRunnerWorker.java:52)\r\n\tat org.testng.SuiteRunnerWorker.run(SuiteRunnerWorker.java:95)\r\n\tat org.testng.TestNG.runSuitesSequentially(TestNG.java:1256)\r\n\tat org.testng.TestNG.runSuitesLocally(TestNG.java:1176)\r\n\tat org.testng.TestNG.runSuites(TestNG.java:1099)\r\n\tat org.testng.TestNG.run(TestNG.java:1067)\r\n\tat com.intellij.rt.testng.IDEARemoteTestNG.run(IDEARemoteTestNG.java:66)\r\n\tat com.intellij.rt.testng.RemoteTestNGStarter.main(RemoteTestNGStarter.java:109)\r\nCaused by: java.io.FileNotFoundException: D:\\IntellIJ-selenium\\Hibrid_Framework_Course\\Selenium_Framework_Maven\\src\\test\\java\\com_InetBanking_testData\\LoginData.xlsx (The system cannot find the path specified)\r\n\tat java.base/java.io.FileInputStream.open0(Native Method)\r\n\tat java.base/java.io.FileInputStream.open(FileInputStream.java:216)\r\n\tat java.base/java.io.FileInputStream.<init>(FileInputStream.java:157)\r\n\tat java.base/java.io.FileInputStream.<init>(FileInputStream.java:111)\r\n\tat utilities.XLUtils.getRowCount(XLUtils.java:26)\r\n\tat testCases.TC_LoginDDT_002.getData(TC_LoginDDT_002.java:55)\r\n\tat java.base/jdk.internal.reflect.NativeMethodAccessorImpl.invoke0(Native Method)\r\n\tat java.base/jdk.internal.reflect.NativeMethodAccessorImpl.invoke(NativeMethodAccessorImpl.java:77)\r\n\tat java.base/jdk.internal.reflect.DelegatingMethodAccessorImpl.invoke(DelegatingMethodAccessorImpl.java:43)\r\n\tat java.base/java.lang.reflect.Method.invoke(Method.java:568)\r\n\tat org.testng.internal.invokers.MethodInvocationHelper.invokeMethod(MethodInvocationHelper.java:139)\r\n\tat org.testng.internal.invokers.MethodInvocationHelper.invokeMethod(MethodInvocationHelper.java:84)\r\n\tat org.testng.internal.invokers.MethodInvocationHelper.invokeMethodNoCheckedException(MethodInvocationHelper.java:53)\r\n\t... 24 more\r\n"},"stage":"finished","steps":[],"attachments":[],"parameters":[{"name":"browser","value":"chrome"}],"start":1655712226648,"stop":1655712226648}